<?xml version="1.0" encoding="UTF-8"?>
<testng-results ignored="0" total="2" passed="2" failed="0" skipped="0">
  <reporter-output>
    <line>
      <![CDATA[Log: Driver session is created]]>
    </line>
    <line>
      <![CDATA[Log: Application is open ]]>
    </line>
    <line>
      <![CDATA[Log: Login page is open]]>
    </line>
    <line>
      <![CDATA[Log: Login is completed with valid data set]]>
    </line>
  </reporter-output>
  <suite started-at="2024-01-29T17:47:58 IST" name="Suite" finished-at="2024-01-29T17:48:20 IST" duration-ms="22082">
    <groups>
    </groups>
    <test started-at="2024-01-29T17:47:58 IST" name="Test" finished-at="2024-01-29T17:48:20 IST" duration-ms="22082">
      <class name="com.SwagLabs.TestCases.OverviewPageTest">
        <test-method is-config="true" signature="reports()[pri:0, instance:com.SwagLabs.TestCases.OverviewPageTest@f6efaab]" started-at="2024-01-29T17:47:57 IST" name="reports" finished-at="2024-01-29T17:47:58 IST" duration-ms="478" status="PASS">
          <reporter-output>
          </reporter-output>
        </test-method> <!-- reports -->
        <test-method is-config="true" signature="setUpBrowser()[pri:0, instance:com.SwagLabs.TestCases.OverviewPageTest@f6efaab]" started-at="2024-01-29T17:47:58 IST" name="setUpBrowser" finished-at="2024-01-29T17:48:04 IST" duration-ms="5801" status="PASS">
          <reporter-output>
            <line>
              <![CDATA[Log: Driver session is created]]>
            </line>
            <line>
              <![CDATA[Log: Application is open ]]>
            </line>
          </reporter-output>
        </test-method> <!-- setUpBrowser -->
        <test-method is-config="true" signature="pageSetUp()[pri:0, instance:com.SwagLabs.TestCases.OverviewPageTest@f6efaab]" started-at="2024-01-29T17:48:04 IST" name="pageSetUp" finished-at="2024-01-29T17:48:19 IST" duration-ms="15702" status="PASS">
          <reporter-output>
            <line>
              <![CDATA[Log: Login page is open]]>
            </line>
            <line>
              <![CDATA[Log: Login is completed with valid data set]]>
            </line>
          </reporter-output>
        </test-method> <!-- pageSetUp -->
        <test-method signature="verifySumarry()[pri:1, instance:com.SwagLabs.TestCases.OverviewPageTest@f6efaab]" started-at="2024-01-29T17:48:19 IST" name="verifySumarry" finished-at="2024-01-29T17:48:20 IST" duration-ms="271" status="PASS">
          <reporter-output>
          </reporter-output>
        </test-method> <!-- verifySumarry -->
        <test-method signature="verifyOverview()[pri:2, instance:com.SwagLabs.TestCases.OverviewPageTest@f6efaab]" started-at="2024-01-29T17:48:20 IST" name="verifyOverview" finished-at="2024-01-29T17:48:20 IST" duration-ms="250" status="PASS">
          <reporter-output>
          </reporter-output>
        </test-method> <!-- verifyOverview -->
        <test-method is-config="true" signature="exitReport()[pri:0, instance:com.SwagLabs.TestCases.OverviewPageTest@f6efaab]" started-at="2024-01-29T17:48:20 IST" name="exitReport" finished-at="2024-01-29T17:48:21 IST" duration-ms="493" status="PASS">
          <reporter-output>
          </reporter-output>
        </test-method> <!-- exitReport -->
      </class> <!-- com.SwagLabs.TestCases.OverviewPageTest -->
    </test> <!-- Test -->
  </suite> <!-- Suite -->
</testng-results>
